
(process:6656): GLib-CRITICAL **: g_path_get_basename: assertion 'file_name != NULL' failed

** (firefox:6060): WARNING **: Cannot launch default application: No application is registered as handling this file

(process:6824): GLib-CRITICAL **: g_path_get_basename: assertion 'file_name != NULL' failed
[]
[<Package: name:'language-pack-gnome-ko' architecture='amd64' id:4081>, <Package: name:'hunspell-ko' architecture='amd64' id:1369>, <Package: name:'libreoffice-l10n-ko' architecture='amd64' id:7218>, <Package: name:'language-pack-ko' architecture='amd64' id:4083>, <Package: name:'language-pack-gnome-ko-base' architecture='amd64' id:4082>, <Package: name:'libreoffice-help-ko' architecture='amd64' id:7217>, <Package: name:'firefox-locale-ko' architecture='amd64' id:2053>, <Package: name:'language-pack-ko-base' architecture='amd64' id:2054>, <Package: name:'thunderbird-locale-ko' architecture='amd64' id:11602>]
[]
[<Package: name:'language-pack-gnome-ko' architecture='amd64' id:4081>, <Package: name:'hunspell-ko' architecture='amd64' id:1369>, <Package: name:'libreoffice-l10n-ko' architecture='amd64' id:7218>, <Package: name:'language-pack-ko' architecture='amd64' id:4083>, <Package: name:'language-pack-gnome-ko-base' architecture='amd64' id:4082>, <Package: name:'libreoffice-help-ko' architecture='amd64' id:7217>, <Package: name:'firefox-locale-ko' architecture='amd64' id:2053>, <Package: name:'language-pack-ko-base' architecture='amd64' id:2054>, <Package: name:'thunderbird-locale-ko' architecture='amd64' id:11602>]
debconf: DbDriver "passwords" warning: could not open /var/cache/debconf/passwords.dat: Permission denied
debconf: unable to initialize frontend: Gnome
debconf: (Can't locate Gtk2.pm in @INC (you may need to install the Gtk2 module) (@INC contains: /etc/perl /usr/local/lib/x86_64-linux-gnu/perl/5.22.1 /usr/local/share/perl/5.22.1 /usr/lib/x86_64-linux-gnu/perl5/5.22 /usr/share/perl5 /usr/lib/x86_64-linux-gnu/perl/5.22 /usr/share/perl/5.22 /usr/local/lib/site_perl /usr/lib/x86_64-linux-gnu/perl-base .) at /usr/share/perl5/Debconf/FrontEnd/Gnome.pm line 91.)
debconf: falling back to frontend: Dialog
debconf: unable to initialize frontend: Dialog
debconf: (TERM is not set, so the dialog frontend is not usable.)
debconf: falling back to frontend: Readline
debconf: unable to initialize frontend: Readline
debconf: (This frontend requires a controlling tty.)
debconf: falling back to frontend: Teletype
debconf: DbDriver "passwords" warning: could not open /var/cache/debconf/passwords.dat: Permission denied
debconf: unable to initialize frontend: Gnome
debconf: (Can't locate Gtk2.pm in @INC (you may need to install the Gtk2 module) (@INC contains: /etc/perl /usr/local/lib/x86_64-linux-gnu/perl/5.22.1 /usr/local/share/perl/5.22.1 /usr/lib/x86_64-linux-gnu/perl5/5.22 /usr/share/perl5 /usr/lib/x86_64-linux-gnu/perl/5.22 /usr/share/perl/5.22 /usr/local/lib/site_perl /usr/lib/x86_64-linux-gnu/perl-base .) at /usr/share/perl5/Debconf/FrontEnd/Gnome.pm line 91.)
debconf: falling back to frontend: Dialog
debconf: unable to initialize frontend: Dialog
debconf: (TERM is not set, so the dialog frontend is not usable.)
debconf: falling back to frontend: Readline
debconf: unable to initialize frontend: Readline
debconf: (This frontend requires a controlling tty.)
debconf: falling back to frontend: Teletype
debconf: DbDriver "passwords" warning: could not open /var/cache/debconf/passwords.dat: Permission denied
debconf: unable to initialize frontend: Gnome
debconf: (Can't locate Gtk2.pm in @INC (you may need to install the Gtk2 module) (@INC contains: /etc/perl /usr/local/lib/x86_64-linux-gnu/perl/5.22.1 /usr/local/share/perl/5.22.1 /usr/lib/x86_64-linux-gnu/perl5/5.22 /usr/share/perl5 /usr/lib/x86_64-linux-gnu/perl/5.22 /usr/share/perl/5.22 /usr/local/lib/site_perl /usr/lib/x86_64-linux-gnu/perl-base .) at /usr/share/perl5/Debconf/FrontEnd/Gnome.pm line 91.)
debconf: falling back to frontend: Dialog
debconf: unable to initialize frontend: Dialog
debconf: (TERM is not set, so the dialog frontend is not usable.)
debconf: falling back to frontend: Readline
debconf: unable to initialize frontend: Readline
debconf: (This frontend requires a controlling tty.)
debconf: falling back to frontend: Teletype
1470641393562	addons.update-checker	WARN	Update manifest for e10srollout@mozilla.org did not contain an updates property
1470641393818	addons.update-checker	WARN	Update manifest for firefox@getpocket.com did not contain an updates property
1470641394294	addons.update-checker	WARN	Update manifest for {972ce4c6-7e08-4474-a285-3208198ce6fd} did not contain an updates property
1470641394502	addons.update-checker	WARN	Update manifest for ubufox@ubuntu.com did not contain an updates property
[]
[]

(process:8539): GLib-CRITICAL **: g_path_get_basename: assertion 'file_name != NULL' failed
WARN  2016-08-08 16:32:20 unity.dash.view DashView.cpp:1267 Search failed  'eee'=> Timeout was reached
